031D8C:  43F9  lea     $31DBC.l, A1
031D92:  4EB9  jsr     $51EA.l
0051EA:  3028  move.w  ($6,A0), D0
0051EE:  D2F1  adda.w  (A1,D0.w), A1
0051F2:  4A11  tst.b   (A1)
0051F4:  6734  beq     $522A
0051F6:  1028  move.b  ($C,A0), D0
0051FA:  5200  addq.b  #1, D0
0051FC:  B029  cmp.b   ($1,A1), D0
005200:  6506  bcs     $5208
00005202 5228  addq.b  #1, ($D,A0)
00005206 7000  moveq   #0, D0
005208:  1140  move.b  D0, ($C,A0)
00520C:  7000  moveq   #0, D0
00520E:  1028  move.b  ($D,A0), D0
005212:  B011  cmp.b   (A1), D0
005214:  650C  bcs     $5222
00005216 4228  clr.b   ($D,A0)
0000521A 7000  moveq   #0, D0
0000521C 08E8  bset    #$2, ($2,A0)
005222:  1171  move.b  (A1,D0.w,2), ($3,A0)
005228:  4E75  rts     
031D98:  43F9  lea     $36C6.l, A1
031D9E:  4EB9  jsr     $41720.l
041720:  7000  moveq   #0, D0
041722:  1028  move.b  ($4,A0), D0
041726:  D040  add.w   D0, D0
041728:  D040  add.w   D0, D0
04172A:  D2C0  adda.w  D0, A1
04172C:  3159  move.w  (A1)+, ($12,A0)
041730:  3151  move.w  (A1), ($10,A0)
