03C2A8:  7000  moveq   #0, D0 D0:00000000 D1:00000248 D2:001BE3FA D3:FFFF0010 D4:FFFF01F0 D5:0000FFFF D6:0000002C D7:00000004 A0:FFFFCA60 A1:FFFFC000 A2:0003C0F0 A3:FFFFA316 A4:FFFFA400 A5:0001F26C A6:FFFFCD30 A7:00FFFDF0 SR:2004 USP:00000000 xnZvc
03C2AA:  3038  move.w  ($E6BC), D0 D0:00000000 D1:00000248 D2:001BE3FA D3:FFFF0010 D4:FFFF01F0 D5:0000FFFF D6:0000002C D7:00000004 A0:FFFFCA60 A1:FFFFC000 A2:0003C0F0 A3:FFFFA316 A4:FFFFA400 A5:0001F26C A6:FFFFCD30 A7:00FFFDF0 SR:2004 USP:00000000 xnZvc
03C2AE:  7200  moveq   #0, D1 D0:00000000 D1:00000000 D2:001BE3FA D3:FFFF0010 D4:FFFF01F0 D5:0000FFFF D6:0000002C D7:00000004 A0:FFFFCA60 A1:FFFFC000 A2:0003C0F0 A3:FFFFA316 A4:FFFFA400 A5:0001F26C A6:FFFFCD30 A7:00FFFDF0 SR:2004 USP:00000000 xnZvc
03C2B0:  1238  move.b  ($FE02), D1 D0:00000000 D1:00000000 D2:001BE3FA D3:FFFF0010 D4:FFFF01F0 D5:0000FFFF D6:0000002C D7:00000004 A0:FFFFCA60 A1:FFFFC000 A2:0003C0F0 A3:FFFFA316 A4:FFFFA400 A5:0001F26C A6:FFFFCD30 A7:00FFFDF0 SR:2004 USP:00000000 xnZvc
03C2B4:  E749  lsl.w   3, D1 D0:00000000 D1:00000000 D2:001BE3FA D3:FFFF0010 D4:FFFF01F0 D5:0000FFFF D6:0000002C D7:00000004 A0:FFFFCA60 A1:FFFFC000 A2:0003C0F0 A3:FFFFA316 A4:FFFFA400 A5:0001F26C A6:FFFFCD30 A7:00FFFDF0 SR:2004 USP:00000000 xnZvc
03C2B6:  47FB  lea     (PC,D1.w,98), A3 D0:00000000 D1:00000000 D2:001BE3FA D3:FFFF0010 D4:FFFF01F0 D5:0000FFFF D6:0000002C D7:00000004 A0:FFFFCA60 A1:FFFFC000 A2:0003C0F0 A3:0003C31A A4:FFFFA400 A5:0001F26C A6:FFFFCD30 A7:00FFFDF0 SR:2004 USP:00000000 xnZvc
03C2BA:  1033  move.b  (A3,D0.w), D0 D0:00000003 D1:00000000 D2:001BE3FA D3:FFFF0010 D4:FFFF01F0 D5:0000FFFF D6:0000002C D7:00000004 A0:FFFFCA60 A1:FFFFC000 A2:0003C0F0 A3:0003C31A A4:FFFFA400 A5:0001F26C A6:FFFFCD30 A7:00FFFDF0 SR:2000 USP:00000000 xnzvc
03C2BE:  B078  cmp.w   ($E6BA), D0 D0:00000003 D1:00000000 D2:001BE3FA D3:FFFF0010 D4:FFFF01F0 D5:0000FFFF D6:0000002C D7:00000004 A0:FFFFCA60 A1:FFFFC000 A2:0003C0F0 A3:0003C31A A4:FFFFA400 A5:0001F26C A6:FFFFCD30 A7:00FFFDF0 SR:2000 USP:00000000 xnzvc
03C2C2:  6E1A  bgt     $3C2DE D0:00000003 D1:00000000 D2:001BE3FA D3:FFFF0010 D4:FFFF01F0 D5:0000FFFF D6:0000002C D7:00000004 A0:FFFFCA60 A1:FFFFC000 A2:0003C0F0 A3:0003C31A A4:FFFFA400 A5:0001F26C A6:FFFFCD30 A7:00FFFDF0 SR:2000 USP:00000000 xnzvc
0003C2C4 31FC  move.w  $0, ($E6BA)
0003C2CA 5278  addq.w  #1, ($E6BC)
0003C2CE 117C  move.b  $C, ($16,A0)
0003C2D4 117C  move.b  $0, ($17,A0)
0003C2DA 6000  bra     $3CA44
03C2DE:  3A28  move.w  ($20,A0), D5 D0:00000003 D1:00000000 D2:001BE3FA D3:FFFF0010 D4:FFFF01F0 D5:00000270 D6:0000002C D7:00000004 A0:FFFFCA60 A1:FFFFC000 A2:0003C0F0 A3:0003C31A A4:FFFFA400 A5:0001F26C A6:FFFFCD30 A7:00FFFDF0 SR:2000 USP:00000000 xnzvc
03C2E2:  9A69  sub.w   ($20,A1), D5 D0:00000003 D1:00000000 D2:001BE3FA D3:FFFF0010 D4:FFFF01F0 D5:00000049 D6:0000002C D7:00000004 A0:FFFFCA60 A1:FFFFC000 A2:0003C0F0 A3:0003C31A A4:FFFFA400 A5:0001F26C A6:FFFFCD30 A7:00FFFDF0 SR:2000 USP:00000000 xnzvc
03C2E6:  0C45  cmpi.w  #$A0, D5 D0:00000003 D1:00000000 D2:001BE3FA D3:FFFF0010 D4:FFFF01F0 D5:00000049 D6:0000002C D7:00000004 A0:FFFFCA60 A1:FFFFC000 A2:0003C0F0 A3:0003C31A A4:FFFFA400 A5:0001F26C A6:FFFFCD30 A7:00FFFDF0 SR:2009 USP:00000000 xNzvC
03C2EA:  6F0A  ble     $3C2F6 D0:00000003 D1:00000000 D2:001BE3FA D3:FFFF0010 D4:FFFF01F0 D5:00000049 D6:0000002C D7:00000004 A0:FFFFCA60 A1:FFFFC000 A2:0003C0F0 A3:0003C31A A4:FFFFA400 A5:0001F26C A6:FFFFCD30 A7:00FFFDF0 SR:2009 USP:00000000 xNzvC
0003C2EC 117C  move.b  $4, ($16,A0)
0003C2F2 6000  bra     $3CA44
03C2F6:  45F9  lea     $3C332.l, A2 D0:00000003 D1:00000000 D2:001BE3FA D3:FFFF0010 D4:FFFF01F0 D5:00000049 D6:0000002C D7:00000004 A0:FFFFCA60 A1:FFFFC000 A2:0003C332 A3:0003C31A A4:FFFFA400 A5:0001F26C A6:FFFFCD30 A7:00FFFDF0 SR:2009 USP:00000000 xNzvC
03C2FC:  3038  move.w  ($E6AE), D0 D0:00000000 D1:00000000 D2:001BE3FA D3:FFFF0010 D4:FFFF01F0 D5:00000049 D6:0000002C D7:00000004 A0:FFFFCA60 A1:FFFFC000 A2:0003C332 A3:0003C31A A4:FFFFA400 A5:0001F26C A6:FFFFCD30 A7:00FFFDF0 SR:2004 USP:00000000 xnZvc
03C300:  1032  move.b  (A2,D0.w), D0 D0:00000009 D1:00000000 D2:001BE3FA D3:FFFF0010 D4:FFFF01F0 D5:00000049 D6:0000002C D7:00000004 A0:FFFFCA60 A1:FFFFC000 A2:0003C332 A3:0003C31A A4:FFFFA400 A5:0001F26C A6:FFFFCD30 A7:00FFFDF0 SR:2000 USP:00000000 xnzvc
03C304:  6A08  bpl     $3C30E D0:00000009 D1:00000000 D2:001BE3FA D3:FFFF0010 D4:FFFF01F0 D5:00000049 D6:0000002C D7:00000004 A0:FFFFCA60 A1:FFFFC000 A2:0003C332 A3:0003C31A A4:FFFFA400 A5:0001F26C A6:FFFFCD30 A7:00FFFDF0 SR:2000 USP:00000000 xnzvc
0003C306 31FC  move.w  $0, ($E6AE)
0003C30C 60EE  bra     $3C2FC
03C30E:  1140  move.b  D0, ($16,A0) D0:00000009 D1:00000000 D2:001BE3FA D3:FFFF0010 D4:FFFF01F0 D5:00000049 D6:0000002C D7:00000004 A0:FFFFCA60 A1:FFFFC000 A2:0003C332 A3:0003C31A A4:FFFFA400 A5:0001F26C A6:FFFFCD30 A7:00FFFDF0 SR:2000 USP:00000000 xnzvc
03C312:  5278  addq.w  #1, ($E6AE) D0:00000009 D1:00000000 D2:001BE3FA D3:FFFF0010 D4:FFFF01F0 D5:00000049 D6:0000002C D7:00000004 A0:FFFFCA60 A1:FFFFC000 A2:0003C332 A3:0003C31A A4:FFFFA400 A5:0001F26C A6:FFFFCD30 A7:00FFFDF0 SR:2000 USP:00000000 xnzvc
03C316:  6000  bra     $3CA44 D0:00000009 D1:00000000 D2:001BE3FA D3:FFFF0010 D4:FFFF01F0 D5:00000049 D6:0000002C D7:00000004 A0:FFFFCA60 A1:FFFFC000 A2:0003C332 A3:0003C31A A4:FFFFA400 A5:0001F26C A6:FFFFCD30 A7:00FFFDF0 SR:2000 USP:00000000 xnzvc
03CA44:  6100  bsr     $3CD16 D0:00000009 D1:00000000 D2:001BE3FA D3:FFFF0010 D4:FFFF01F0 D5:00000049 D6:0000002C D7:00000004 A0:FFFFCA60 A1:FFFFC000 A2:0003C332 A3:0003C31A A4:FFFFA400 A5:0001F26C A6:FFFFCD30 A7:00FFFDEC SR:2000 USP:00000000 xnzvc
03CD16:  4A38  tst.b   ($E6C2) D0:00000009 D1:00000000 D2:001BE3FA D3:FFFF0010 D4:FFFF01F0 D5:00000049 D6:0000002C D7:00000004 A0:FFFFCA60 A1:FFFFC000 A2:0003C332 A3:0003C31A A4:FFFFA400 A5:0001F26C A6:FFFFCD30 A7:00FFFDEC SR:2004 USP:00000000 xnZvc
03CD1A:  673A  beq     $3CD56 D0:00000009 D1:00000000 D2:001BE3FA D3:FFFF0010 D4:FFFF01F0 D5:00000049 D6:0000002C D7:00000004 A0:FFFFCA60 A1:FFFFC000 A2:0003C332 A3:0003C31A A4:FFFFA400 A5:0001F26C A6:FFFFCD30 A7:00FFFDEC SR:2004 USP:00000000 xnZvc
03CD56:  4E75  rts      D0:00000009 D1:00000000 D2:001BE3FA D3:FFFF0010 D4:FFFF01F0 D5:00000049 D6:0000002C D7:00000004 A0:FFFFCA60 A1:FFFFC000 A2:0003C332 A3:0003C31A A4:FFFFA400 A5:0001F26C A6:FFFFCD30 A7:00FFFDF0 SR:2004 USP:00000000 xnZvc
