;^<		^>		v<		v>
;80-9F	160-17F	60-7F	180-19F
;no 6th	6th		6th		no 6th
;D1@053606 ======
;0-1F	0-1F	20-3F	20-3F
;D1@053612 ======
;0-1F	21-40	1-20	20-3F
;D2@05361A ======
;2		5		1		6
;D2@053622 ======
;0		1		2		3
03E608:  47FA  lea     ($4E,PC), A3 D0:0000003D D1:00000060 D2:00AF0000 D3:FFFF0000 D4:000301F0 D5:0000FFFF D6:00000026 D7:00000000 A0:FFFFC9C0 A1:FFFFC000 A2:FFFFED28 A3:0003E658 A4:FFFFA400 A5:0001F26C A6:FFFFC830 A7:00FFFDEC SR:2004 USP:00000000 xnZvc
03E60C:  0C78  cmpi.w  #$100, ($E636) D0:0000003D D1:00000060 D2:00AF0000 D3:FFFF0000 D4:000301F0 D5:0000FFFF D6:00000026 D7:00000000 A0:FFFFC9C0 A1:FFFFC000 A2:FFFFED28 A3:0003E658 A4:FFFFA400 A5:0001F26C A6:FFFFC830 A7:00FFFDEC SR:2000 USP:00000000 xnzvc
03E612:  6F04  ble     $3E618 D0:0000003D D1:00000060 D2:00AF0000 D3:FFFF0000 D4:000301F0 D5:0000FFFF D6:00000026 D7:00000000 A0:FFFFC9C0 A1:FFFFC000 A2:FFFFED28 A3:0003E658 A4:FFFFA400 A5:0001F26C A6:FFFFC830 A7:00FFFDEC SR:2000 USP:00000000 xnzvc
03E614:  D6FC  adda.w  $2, A3 D0:0000003D D1:00000060 D2:00AF0000 D3:FFFF0000 D4:000301F0 D5:0000FFFF D6:00000026 D7:00000000 A0:FFFFC9C0 A1:FFFFC000 A2:FFFFED28 A3:0003E65A A4:FFFFA400 A5:0001F26C A6:FFFFC830 A7:00FFFDEC SR:2000 USP:00000000 xnzvc
03E618:  0C78  cmpi.w  #$50, ($E63A) D0:0000003D D1:00000060 D2:00AF0000 D3:FFFF0000 D4:000301F0 D5:0000FFFF D6:00000026 D7:00000000 A0:FFFFC9C0 A1:FFFFC000 A2:FFFFED28 A3:0003E65A A4:FFFFA400 A5:0001F26C A6:FFFFC830 A7:00FFFDEC SR:2009 USP:00000000 xNzvC
03E61E:  6F04  ble     $3E624 D0:0000003D D1:00000060 D2:00AF0000 D3:FFFF0000 D4:000301F0 D5:0000FFFF D6:00000026 D7:00000000 A0:FFFFC9C0 A1:FFFFC000 A2:FFFFED28 A3:0003E65A A4:FFFFA400 A5:0001F26C A6:FFFFC830 A7:00FFFDEC SR:2009 USP:00000000 xNzvC
0003E620 D6FC  adda.w  $4, A3
03E624:  4EB9  jsr     $658A.l D0:0000003D D1:00000060 D2:00AF0000 D3:FFFF0000 D4:000301F0 D5:0000FFFF D6:00000026 D7:00000000 A0:FFFFC9C0 A1:FFFFC000 A2:FFFFED28 A3:0003E65A A4:FFFFA400 A5:0001F26C A6:FFFFC830 A7:00FFFDE8 SR:2009 USP:00000000 xNzvC
;rng is called here
03E62A:  0240  andi.w  #$1F, D0 D0:FA370010 D1:3B9028AA D2:00AF0000 D3:FFFF0000 D4:000301F0 D5:0000FFFF D6:00000026 D7:00000000 A0:FFFFC9C0 A1:FFFFC000 A2:FFFFED28 A3:0003E65A A4:FFFFA400 A5:0001F26C A6:FFFFC830 A7:00FFFDEC SR:2000 USP:00000000 xnzvc
03E62E:  D053  add.w   (A3), D0 D0:FA370170 D1:3B9028AA D2:00AF0000 D3:FFFF0000 D4:000301F0 D5:0000FFFF D6:00000026 D7:00000000 A0:FFFFC9C0 A1:FFFFC000 A2:FFFFED28 A3:0003E65A A4:FFFFA400 A5:0001F26C A6:FFFFC830 A7:00FFFDEC SR:2000 USP:00000000 xnzvc
03E630:  7600  moveq   #0, D3 D0:FA370170 D1:3B9028AA D2:00AF0000 D3:00000000 D4:000301F0 D5:0000FFFF D6:00000026 D7:00000000 A0:FFFFC9C0 A1:FFFFC000 A2:FFFFED28 A3:0003E65A A4:FFFFA400 A5:0001F26C A6:FFFFC830 A7:00FFFDEC SR:2004 USP:00000000 xnZvc
03E632:  1638  move.b  ($FE02), D3 D0:FA370170 D1:3B9028AA D2:00AF0000 D3:00000000 D4:000301F0 D5:0000FFFF D6:00000026 D7:00000000 A0:FFFFC9C0 A1:FFFFC000 A2:FFFFED28 A3:0003E65A A4:FFFFA400 A5:0001F26C A6:FFFFC830 A7:00FFFDEC SR:2004 USP:00000000 xnZvc
03E636:  D643  add.w   D3, D3 D0:FA370170 D1:3B9028AA D2:00AF0000 D3:00000000 D4:000301F0 D5:0000FFFF D6:00000026 D7:00000000 A0:FFFFC9C0 A1:FFFFC000 A2:FFFFED28 A3:0003E65A A4:FFFFA400 A5:0001F26C A6:FFFFC830 A7:00FFFDEC SR:2004 USP:00000000 xnZvc
03E638:  D643  add.w   D3, D3 D0:FA370170 D1:3B9028AA D2:00AF0000 D3:00000000 D4:000301F0 D5:0000FFFF D6:00000026 D7:00000000 A0:FFFFC9C0 A1:FFFFC000 A2:FFFFED28 A3:0003E65A A4:FFFFA400 A5:0001F26C A6:FFFFC830 A7:00FFFDEC SR:2004 USP:00000000 xnZvc
03E63A:  263B  move.l  (PC,D3.w,36), D3 D0:FA370170 D1:3B9028AA D2:00AF0000 D3:00060000 D4:000301F0 D5:0000FFFF D6:00000026 D7:00000000 A0:FFFFC9C0 A1:FFFFC000 A2:FFFFED28 A3:0003E65A A4:FFFFA400 A5:0001F26C A6:FFFFC830 A7:00FFFDEC SR:2000 USP:00000000 xnzvc
03E63E:  4EB9  jsr     $53628.l D0:FA370170 D1:3B9028AA D2:00AF0000 D3:00060000 D4:000301F0 D5:0000FFFF D6:00000026 D7:00000000 A0:FFFFC9C0 A1:FFFFC000 A2:FFFFED28 A3:0003E65A A4:FFFFA400 A5:0001F26C A6:FFFFC830 A7:00FFFDE8 SR:2000 USP:00000000 xnzvc
053628:  61DA  bsr     $53604 D0:FA370170 D1:3B9028AA D2:00AF0000 D3:00060000 D4:000301F0 D5:0000FFFF D6:00000026 D7:00000000 A0:FFFFC9C0 A1:FFFFC000 A2:FFFFED28 A3:0003E65A A4:FFFFA400 A5:0001F26C A6:FFFFC830 A7:00FFFDE4 SR:2000 USP:00000000 xnzvc
053604:  3200  move.w  D0, D1 D0:FA370170 D1:3B900170 D2:00AF0000 D3:00060000 D4:000301F0 D5:0000FFFF D6:00000026 D7:00000000 A0:FFFFC9C0 A1:FFFFC000 A2:FFFFED28 A3:0003E65A A4:FFFFA400 A5:0001F26C A6:FFFFC830 A7:00FFFDE4 SR:2000 USP:00000000 xnzvc
053606:  0241  andi.w  #$3F, D1 D0:FA370170 D1:3B900030 D2:00AF0000 D3:00060000 D4:000301F0 D5:0000FFFF D6:00000026 D7:00000000 A0:FFFFC9C0 A1:FFFFC000 A2:FFFFED28 A3:0003E65A A4:FFFFA400 A5:0001F26C A6:FFFFC830 A7:00FFFDE4 SR:2000 USP:00000000 xnzvc
05360A:  0800  btst    #$6, D0 D0:FA370170 D1:3B900030 D2:00AF0000 D3:00060000 D4:000301F0 D5:0000FFFF D6:00000026 D7:00000000 A0:FFFFC9C0 A1:FFFFC000 A2:FFFFED28 A3:0003E65A A4:FFFFA400 A5:0001F26C A6:FFFFC830 A7:00FFFDE4 SR:2000 USP:00000000 xnzvc
05360E:  6706  beq     $53616 D0:FA370170 D1:3B900030 D2:00AF0000 D3:00060000 D4:000301F0 D5:0000FFFF D6:00000026 D7:00000000 A0:FFFFC9C0 A1:FFFFC000 A2:FFFFED28 A3:0003E65A A4:FFFFA400 A5:0001F26C A6:FFFFC830 A7:00FFFDE4 SR:2000 USP:00000000 xnzvc
053610:  4441  neg.w   D1 D0:FA370170 D1:3B90FFD0 D2:00AF0000 D3:00060000 D4:000301F0 D5:0000FFFF D6:00000026 D7:00000000 A0:FFFFC9C0 A1:FFFFC000 A2:FFFFED28 A3:0003E65A A4:FFFFA400 A5:0001F26C A6:FFFFC830 A7:00FFFDE4 SR:2019 USP:00000000 XNzvC
053612:  0601  addi.b  #$40, D1 D0:FA370170 D1:3B90FF10 D2:00AF0000 D3:00060000 D4:000301F0 D5:0000FFFF D6:00000026 D7:00000000 A0:FFFFC9C0 A1:FFFFC000 A2:FFFFED28 A3:0003E65A A4:FFFFA400 A5:0001F26C A6:FFFFC830 A7:00FFFDE4 SR:2011 USP:00000000 XnzvC
053616:  3400  move.w  D0, D2 D0:FA370170 D1:3B90FF10 D2:00AF0170 D3:00060000 D4:000301F0 D5:0000FFFF D6:00000026 D7:00000000 A0:FFFFC9C0 A1:FFFFC000 A2:FFFFED28 A3:0003E65A A4:FFFFA400 A5:0001F26C A6:FFFFC830 A7:00FFFDE4 SR:2010 USP:00000000 Xnzvc
053618:  EC5A  ror.w   6, D2 D0:FA370170 D1:3B90FF10 D2:00AFC005 D3:00060000 D4:000301F0 D5:0000FFFF D6:00000026 D7:00000000 A0:FFFFC9C0 A1:FFFFC000 A2:FFFFED28 A3:0003E65A A4:FFFFA400 A5:0001F26C A6:FFFFC830 A7:00FFFDE4 SR:2019 USP:00000000 XNzvC
05361A:  0242  andi.w  #$7, D2 D0:FA370170 D1:3B90FF10 D2:00AF0005 D3:00060000 D4:000301F0 D5:0000FFFF D6:00000026 D7:00000000 A0:FFFFC9C0 A1:FFFFC000 A2:FFFFED28 A3:0003E65A A4:FFFFA400 A5:0001F26C A6:FFFFC830 A7:00FFFDE4 SR:2010 USP:00000000 Xnzvc
05361E:  47FA  lea     ($1DC,PC), A3 D0:FA370170 D1:3B90FF10 D2:00AF0005 D3:00060000 D4:000301F0 D5:0000FFFF D6:00000026 D7:00000000 A0:FFFFC9C0 A1:FFFFC000 A2:FFFFED28 A3:000537FC A4:FFFFA400 A5:0001F26C A6:FFFFC830 A7:00FFFDE4 SR:2010 USP:00000000 Xnzvc
053622:  1433  move.b  (A3,D2.w), D2 D0:FA370170 D1:3B90FF10 D2:00AF0001 D3:00060000 D4:000301F0 D5:0000FFFF D6:00000026 D7:00000000 A0:FFFFC9C0 A1:FFFFC000 A2:FFFFED28 A3:000537FC A4:FFFFA400 A5:0001F26C A6:FFFFC830 A7:00FFFDE4 SR:2010 USP:00000000 Xnzvc
053626:  4E75  rts      D0:FA370170 D1:3B90FF10 D2:00AF0001 D3:00060000 D4:000301F0 D5:0000FFFF D6:00000026 D7:00000000 A0:FFFFC9C0 A1:FFFFC000 A2:FFFFED28 A3:000537FC A4:FFFFA400 A5:0001F26C A6:FFFFC830 A7:00FFFDE8 SR:2010 USP:00000000 Xnzvc
05362A:  7000  moveq   #0, D0 D0:00000000 D1:3B90FF10 D2:00AF0001 D3:00060000 D4:000301F0 D5:0000FFFF D6:00000026 D7:00000000 A0:FFFFC9C0 A1:FFFFC000 A2:FFFFED28 A3:000537FC A4:FFFFA400 A5:0001F26C A6:FFFFC830 A7:00FFFDE8 SR:2014 USP:00000000 XnZvc
05362C:  0281  andi.l  #$FF, D1 D0:00000000 D1:00000010 D2:00AF0001 D3:00060000 D4:000301F0 D5:0000FFFF D6:00000026 D7:00000000 A0:FFFFC9C0 A1:FFFFC000 A2:FFFFED28 A3:000537FC A4:FFFFA400 A5:0001F26C A6:FFFFC830 A7:00FFFDE8 SR:2010 USP:00000000 Xnzvc
053632:  E549  lsl.w   2, D1 D0:00000000 D1:00000040 D2:00AF0001 D3:00060000 D4:000301F0 D5:0000FFFF D6:00000026 D7:00000000 A0:FFFFC9C0 A1:FFFFC000 A2:FFFFED28 A3:000537FC A4:FFFFA400 A5:0001F26C A6:FFFFC830 A7:00FFFDE8 SR:2000 USP:00000000 xnzvc
053634:  47FA  lea     ($30,PC), A3 D0:00000000 D1:00000040 D2:00AF0001 D3:00060000 D4:000301F0 D5:0000FFFF D6:00000026 D7:00000000 A0:FFFFC9C0 A1:FFFFC000 A2:FFFFED28 A3:00053666 A4:FFFFA400 A5:0001F26C A6:FFFFC830 A7:00FFFDE8 SR:2000 USP:00000000 xnzvc
053638:  3033  move.w  (A3,D1.w), D0 D0:00003E17 D1:00000040 D2:00AF0001 D3:00060000 D4:000301F0 D5:0000FFFF D6:00000026 D7:00000000 A0:FFFFC9C0 A1:FFFFC000 A2:FFFFED28 A3:00053666 A4:FFFFA400 A5:0001F26C A6:FFFFC830 A7:00FFFDE8 SR:2000 USP:00000000 xnzvc
05363C:  3233  move.w  (A3,D1.w,2), D1 D0:00003E17 D1:0000F85B D2:00AF0001 D3:00060000 D4:000301F0 D5:0000FFFF D6:00000026 D7:00000000 A0:FFFFC9C0 A1:FFFFC000 A2:FFFFED28 A3:00053666 A4:FFFFA400 A5:0001F26C A6:FFFFC830 A7:00FFFDE8 SR:2008 USP:00000000 xNzvc
053640:  E09B  ror.l   8, D3 D0:00003E17 D1:0000F85B D2:00AF0001 D3:00000600 D4:000301F0 D5:0000FFFF D6:00000026 D7:00000000 A0:FFFFC9C0 A1:FFFFC000 A2:FFFFED28 A3:00053666 A4:FFFFA400 A5:0001F26C A6:FFFFC830 A7:00FFFDE8 SR:2000 USP:00000000 xnzvc
053642:  C0C3  mulu    D3, D0 D0:01748A00 D1:0000F85B D2:00AF0001 D3:00000600 D4:000301F0 D5:0000FFFF D6:00000026 D7:00000000 A0:FFFFC9C0 A1:FFFFC000 A2:FFFFED28 A3:00053666 A4:FFFFA400 A5:0001F26C A6:FFFFC830 A7:00FFFDE8 SR:2000 USP:00000000 xnzvc
053644:  E080  asr.l   8, D0 D0:0001748A D1:0000F85B D2:00AF0001 D3:00000600 D4:000301F0 D5:0000FFFF D6:00000026 D7:00000000 A0:FFFFC9C0 A1:FFFFC000 A2:FFFFED28 A3:00053666 A4:FFFFA400 A5:0001F26C A6:FFFFC830 A7:00FFFDE8 SR:2000 USP:00000000 xnzvc
053646:  C2C3  mulu    D3, D1 D0:0001748A D1:05D22200 D2:00AF0001 D3:00000600 D4:000301F0 D5:0000FFFF D6:00000026 D7:00000000 A0:FFFFC9C0 A1:FFFFC000 A2:FFFFED28 A3:00053666 A4:FFFFA400 A5:0001F26C A6:FFFFC830 A7:00FFFDE8 SR:2000 USP:00000000 xnzvc
053648:  E081  asr.l   8, D1 D0:0001748A D1:0005D222 D2:00AF0001 D3:00000600 D4:000301F0 D5:0000FFFF D6:00000026 D7:00000000 A0:FFFFC9C0 A1:FFFFC000 A2:FFFFED28 A3:00053666 A4:FFFFA400 A5:0001F26C A6:FFFFC830 A7:00FFFDE8 SR:2000 USP:00000000 xnzvc
05364A:  0802  btst    #$2, D2 D0:0001748A D1:0005D222 D2:00AF0001 D3:00000600 D4:000301F0 D5:0000FFFF D6:00000026 D7:00000000 A0:FFFFC9C0 A1:FFFFC000 A2:FFFFED28 A3:00053666 A4:FFFFA400 A5:0001F26C A6:FFFFC830 A7:00FFFDE8 SR:2004 USP:00000000 xnZvc
05364E:  6702  beq     $53652 D0:0001748A D1:0005D222 D2:00AF0001 D3:00000600 D4:000301F0 D5:0000FFFF D6:00000026 D7:00000000 A0:FFFFC9C0 A1:FFFFC000 A2:FFFFED28 A3:00053666 A4:FFFFA400 A5:0001F26C A6:FFFFC830 A7:00FFFDE8 SR:2004 USP:00000000 xnZvc
00053650 C141  and.w   D0, D1
053652:  0802  btst    #$1, D2 D0:0001748A D1:0005D222 D2:00AF0001 D3:00000600 D4:000301F0 D5:0000FFFF D6:00000026 D7:00000000 A0:FFFFC9C0 A1:FFFFC000 A2:FFFFED28 A3:00053666 A4:FFFFA400 A5:0001F26C A6:FFFFC830 A7:00FFFDE8 SR:2004 USP:00000000 xnZvc
053656:  6702  beq     $5365A D0:0001748A D1:0005D222 D2:00AF0001 D3:00000600 D4:000301F0 D5:0000FFFF D6:00000026 D7:00000000 A0:FFFFC9C0 A1:FFFFC000 A2:FFFFED28 A3:00053666 A4:FFFFA400 A5:0001F26C A6:FFFFC830 A7:00FFFDE8 SR:2004 USP:00000000 xnZvc
00053658 4480  neg.l   D0
05365A:  0802  btst    #$0, D2 D0:0001748A D1:0005D222 D2:00AF0001 D3:00000600 D4:000301F0 D5:0000FFFF D6:00000026 D7:00000000 A0:FFFFC9C0 A1:FFFFC000 A2:FFFFED28 A3:00053666 A4:FFFFA400 A5:0001F26C A6:FFFFC830 A7:00FFFDE8 SR:2000 USP:00000000 xnzvc
05365E:  6702  beq     $53662 D0:0001748A D1:0005D222 D2:00AF0001 D3:00000600 D4:000301F0 D5:0000FFFF D6:00000026 D7:00000000 A0:FFFFC9C0 A1:FFFFC000 A2:FFFFED28 A3:00053666 A4:FFFFA400 A5:0001F26C A6:FFFFC830 A7:00FFFDE8 SR:2000 USP:00000000 xnzvc
053660:  4481  neg.l   D1 D0:0001748A D1:FFFA2DDE D2:00AF0001 D3:00000600 D4:000301F0 D5:0000FFFF D6:00000026 D7:00000000 A0:FFFFC9C0 A1:FFFFC000 A2:FFFFED28 A3:00053666 A4:FFFFA400 A5:0001F26C A6:FFFFC830 A7:00FFFDE8 SR:2019 USP:00000000 XNzvC
053662:  C141  and.w   D0, D1 D0:FFFA2DDE D1:0001748A D2:00AF0001 D3:00000600 D4:000301F0 D5:0000FFFF D6:00000026 D7:00000000 A0:FFFFC9C0 A1:FFFFC000 A2:FFFFED28 A3:00053666 A4:FFFFA400 A5:0001F26C A6:FFFFC830 A7:00FFFDE8 SR:2019 USP:00000000 XNzvC
053664:  4E75  rts      D0:FFFA2DDE D1:0001748A D2:00AF0001 D3:00000600 D4:000301F0 D5:0000FFFF D6:00000026 D7:00000000 A0:FFFFC9C0 A1:FFFFC000 A2:FFFFED28 A3:00053666 A4:FFFFA400 A5:0001F26C A6:FFFFC830 A7:00FFFDEC SR:2019 USP:00000000 XNzvC
03E644:  E088  lsr.l   8, D0 D0:00FFFA2D D1:0001748A D2:00AF0001 D3:00000600 D4:000301F0 D5:0000FFFF D6:00000026 D7:00000000 A0:FFFFC9C0 A1:FFFFC000 A2:FFFFED28 A3:00053666 A4:FFFFA400 A5:0001F26C A6:FFFFC830 A7:00FFFDEC SR:2011 USP:00000000 XnzvC
03E646:  E089  lsr.l   8, D1 D0:00FFFA2D D1:00000174 D2:00AF0001 D3:00000600 D4:000301F0 D5:0000FFFF D6:00000026 D7:00000000 A0:FFFFC9C0 A1:FFFFC000 A2:FFFFED28 A3:00053666 A4:FFFFA400 A5:0001F26C A6:FFFFC830 A7:00FFFDEC SR:2011 USP:00000000 XnzvC
03E648:  3140  move.w  D0, ($1C,A0) D0:00FFFA2D D1:00000174 D2:00AF0001 D3:00000600 D4:000301F0 D5:0000FFFF D6:00000026 D7:00000000 A0:FFFFC9C0 A1:FFFFC000 A2:FFFFED28 A3:00053666 A4:FFFFA400 A5:0001F26C A6:FFFFC830 A7:00FFFDEC SR:2018 USP:00000000 XNzvc
03E64C:  3141  move.w  D1, ($1E,A0) D0:00FFFA2D D1:00000174 D2:00AF0001 D3:00000600 D4:000301F0 D5:0000FFFF D6:00000026 D7:00000000 A0:FFFFC9C0 A1:FFFFC000 A2:FFFFED28 A3:00053666 A4:FFFFA400 A5:0001F26C A6:FFFFC830 A7:00FFFDEC SR:2010 USP:00000000 Xnzvc
03E650:  4EB9  jsr     $3EFD8.l D0:00FFFA2D D1:00000174 D2:00AF0001 D3:00000600 D4:000301F0 D5:0000FFFF D6:00000026 D7:00000000 A0:FFFFC9C0 A1:FFFFC000 A2:FFFFED28 A3:00053666 A4:FFFFA400 A5:0001F26C A6:FFFFC830 A7:00FFFDE8 SR:2010 USP:00000000 Xnzvc