03EA64:  08E8  bset    #$7, ($16,A0) D0:00000050 D1:00000060 D2:00AF0000 D3:FFFF0000 D4:000301F0 D5:0000FFFF D6:00000016 D7:00000000 A0:FFFFC9C0 A1:FFFFC000 A2:FFFFECA8 A3:FFFFA308 A4:FFFFA400 A5:0001F26C A6:FFFFC830 A7:00FFFDF0 SR:2000 USP:00000000 xnzvc
03EA6A:  662C  bne     $3EA98 D0:00000050 D1:00000060 D2:00AF0000 D3:FFFF0000 D4:000301F0 D5:0000FFFF D6:00000016 D7:00000000 A0:FFFFC9C0 A1:FFFFC000 A2:FFFFECA8 A3:FFFFA308 A4:FFFFA400 A5:0001F26C A6:FFFFC830 A7:00FFFDF0 SR:2000 USP:00000000 xnzvc
03EA98:  0868  bchg    #$1, ($2,A0) D0:00000050 D1:00000060 D2:00AF0000 D3:FFFF0000 D4:000301F0 D5:0000FFFF D6:00000016 D7:00000000 A0:FFFFC9C0 A1:FFFFC000 A2:FFFFECA8 A3:FFFFA308 A4:FFFFA400 A5:0001F26C A6:FFFFC830 A7:00FFFDF0 SR:2000 USP:00000000 xnzvc
03EA9E:  5368  subq.w  #1, ($2E,A0) D0:00000050 D1:00000060 D2:00AF0000 D3:FFFF0000 D4:000301F0 D5:0000FFFF D6:00000016 D7:00000000 A0:FFFFC9C0 A1:FFFFC000 A2:FFFFECA8 A3:FFFFA308 A4:FFFFA400 A5:0001F26C A6:FFFFC830 A7:00FFFDF0 SR:2004 USP:00000000 xnZvc
03EAA2:  6600  bne     $3F02C D0:00000050 D1:00000060 D2:00AF0000 D3:FFFF0000 D4:000301F0 D5:0000FFFF D6:00000016 D7:00000000 A0:FFFFC9C0 A1:FFFFC000 A2:FFFFECA8 A3:FFFFA308 A4:FFFFA400 A5:0001F26C A6:FFFFC830 A7:00FFFDF0 SR:2004 USP:00000000 xnZvc
03EAA6:  08A8  bclr    #$1, ($2,A0) D0:00000050 D1:00000060 D2:00AF0000 D3:FFFF0000 D4:000301F0 D5:0000FFFF D6:00000016 D7:00000000 A0:FFFFC9C0 A1:FFFFC000 A2:FFFFECA8 A3:FFFFA308 A4:FFFFA400 A5:0001F26C A6:FFFFC830 A7:00FFFDF0 SR:2004 USP:00000000 xnZvc
03EAAC:  303C  move.w  $150, D0 D0:00000150 D1:00000060 D2:00AF0000 D3:FFFF0000 D4:000301F0 D5:0000FFFF D6:00000016 D7:00000000 A0:FFFFC9C0 A1:FFFFC000 A2:FFFFECA8 A3:FFFFA308 A4:FFFFA400 A5:0001F26C A6:FFFFC830 A7:00FFFDF0 SR:2000 USP:00000000 xnzvc
03EAB0:  0C78  cmpi.w  #$100, ($C020) D0:00000150 D1:00000060 D2:00AF0000 D3:FFFF0000 D4:000301F0 D5:0000FFFF D6:00000016 D7:00000000 A0:FFFFC9C0 A1:FFFFC000 A2:FFFFECA8 A3:FFFFA308 A4:FFFFA400 A5:0001F26C A6:FFFFC830 A7:00FFFDF0 SR:2009 USP:00000000 xNzvC
03EAB6:  6F04  ble     $3EABC D0:00000150 D1:00000060 D2:00AF0000 D3:FFFF0000 D4:000301F0 D5:0000FFFF D6:00000016 D7:00000000 A0:FFFFC9C0 A1:FFFFC000 A2:FFFFECA8 A3:FFFFA308 A4:FFFFA400 A5:0001F26C A6:FFFFC830 A7:00FFFDF0 SR:2009 USP:00000000 xNzvC
0003EAB8 303C  move.w  $B0, D0
03EABC:  31C0  move.w  D0, ($E636) D0:00000150 D1:00000060 D2:00AF0000 D3:FFFF0000 D4:000301F0 D5:0000FFFF D6:00000016 D7:00000000 A0:FFFFC9C0 A1:FFFFC000 A2:FFFFECA8 A3:FFFFA308 A4:FFFFA400 A5:0001F26C A6:FFFFC830 A7:00FFFDF0 SR:2000 USP:00000000 xnzvc
03EAC0:  31FC  move.w  $20, ($E63A) D0:00000150 D1:00000060 D2:00AF0000 D3:FFFF0000 D4:000301F0 D5:0000FFFF D6:00000016 D7:00000000 A0:FFFFC9C0 A1:FFFFC000 A2:FFFFECA8 A3:FFFFA308 A4:FFFFA400 A5:0001F26C A6:FFFFC830 A7:00FFFDF0 SR:2000 USP:00000000 xnzvc
03EAC6:  3140  move.w  D0, ($20,A0) D0:00000150 D1:00000060 D2:00AF0000 D3:FFFF0000 D4:000301F0 D5:0000FFFF D6:00000016 D7:00000000 A0:FFFFC9C0 A1:FFFFC000 A2:FFFFECA8 A3:FFFFA308 A4:FFFFA400 A5:0001F26C A6:FFFFC830 A7:00FFFDF0 SR:2000 USP:00000000 xnzvc
03EACA:  317C  move.w  $20, ($24,A0) D0:00000150 D1:00000060 D2:00AF0000 D3:FFFF0000 D4:000301F0 D5:0000FFFF D6:00000016 D7:00000000 A0:FFFFC9C0 A1:FFFFC000 A2:FFFFECA8 A3:FFFFA308 A4:FFFFA400 A5:0001F26C A6:FFFFC830 A7:00FFFDF0 SR:2000 USP:00000000 xnzvc
03EAD0:  117C  move.b  $3, ($16,A0) D0:00000150 D1:00000060 D2:00AF0000 D3:FFFF0000 D4:000301F0 D5:0000FFFF D6:00000016 D7:00000000 A0:FFFFC9C0 A1:FFFFC000 A2:FFFFECA8 A3:FFFFA308 A4:FFFFA400 A5:0001F26C A6:FFFFC830 A7:00FFFDF0 SR:2000 USP:00000000 xnzvc
03EAD6:  6000  bra     $3F02C D0:00000150 D1:00000060 D2:00AF0000 D3:FFFF0000 D4:000301F0 D5:0000FFFF D6:00000016 D7:00000000 A0:FFFFC9C0 A1:FFFFC000 A2:FFFFECA8 A3:FFFFA308 A4:FFFFA400 A5:0001F26C A6:FFFFC830 A7:00FFFDF0 SR:2000 USP:00000000 xnzvc
03F02C:  3178  move.w  ($E636), ($20,A0) D0:00000150 D1:00000060 D2:00AF0000 D3:FFFF0000 D4:000301F0 D5:0000FFFF D6:00000016 D7:00000000 A0:FFFFC9C0 A1:FFFFC000 A2:FFFFECA8 A3:FFFFA308 A4:FFFFA400 A5:0001F26C A6:FFFFC830 A7:00FFFDF0 SR:2000 USP:00000000 xnzvc
03F032:  3178  move.w  ($E63A), ($24,A0) D0:00000150 D1:00000060 D2:00AF0000 D3:FFFF0000 D4:000301F0 D5:0000FFFF D6:00000016 D7:00000000 A0:FFFFC9C0 A1:FFFFC000 A2:FFFFECA8 A3:FFFFA308 A4:FFFFA400 A5:0001F26C A6:FFFFC830 A7:00FFFDF0 SR:2000 USP:00000000 xnzvc
03F038:  43F9  lea     $3F068.l, A1 D0:00000150 D1:00000060 D2:00AF0000 D3:FFFF0000 D4:000301F0 D5:0000FFFF D6:00000016 D7:00000000 A0:FFFFC9C0 A1:0003F068 A2:FFFFECA8 A3:FFFFA308 A4:FFFFA400 A5:0001F26C A6:FFFFC830 A7:00FFFDF0 SR:2000 USP:00000000 xnzvc
03F03E:  4EB9  jsr     $51EA.l D0:00000150 D1:00000060 D2:00AF0000 D3:FFFF0000 D4:000301F0 D5:0000FFFF D6:00000016 D7:00000000 A0:FFFFC9C0 A1:0003F068 A2:FFFFECA8 A3:FFFFA308 A4:FFFFA400 A5:0001F26C A6:FFFFC830 A7:00FFFDEC SR:2000 USP:00000000 xnzvc