;x pos
;far left		spawn left		middle			spawn right		far right
;0x80			0xB0			0x100			0x150			0x180
;D2@03E7A0 ======
;0x5			0x8				0xD				0x12			0x15
;D0 all possible values
;0x5-0xC		0x8-0xF			0x0-0x4,0xD-0xF	0x2-0x9			0x5-0xC
;nb bad patterns/patterns overall
;1/8			1/8				2/8				2/8				1/8
03E796:  3428  move.w  ($20,A0), D2 D0:0000001E D1:00000060 D2:00AF0150 D3:FFFF0000 D4:000301F0 D5:0000FFFF D6:0000001A D7:00000000 A0:FFFFC9C0 A1:FFFFC000 A2:FFFFECC8 A3:FFFFA206 A4:FFFFA400 A5:0001F26C A6:FFFFC830 A7:00FFFDEC SR:2000 USP:00000000 xnzvc
03E79A:  0442  subi.w  #$80, D2 D0:0000001E D1:00000060 D2:00AF00D0 D3:FFFF0000 D4:000301F0 D5:0000FFFF D6:0000001A D7:00000000 A0:FFFFC9C0 A1:FFFFC000 A2:FFFFECC8 A3:FFFFA206 A4:FFFFA400 A5:0001F26C A6:FFFFC830 A7:00FFFDEC SR:2000 USP:00000000 xnzvc
03E79E:  E84A  lsr.w   4, D2 D0:0000001E D1:00000060 D2:00AF000D D3:FFFF0000 D4:000301F0 D5:0000FFFF D6:0000001A D7:00000000 A0:FFFFC9C0 A1:FFFFC000 A2:FFFFECC8 A3:FFFFA206 A4:FFFFA400 A5:0001F26C A6:FFFFC830 A7:00FFFDEC SR:2000 USP:00000000 xnzvc
03E7A0:  5A42  addq.w  #5, D2 D0:0000001E D1:00000060 D2:00AF0012 D3:FFFF0000 D4:000301F0 D5:0000FFFF D6:0000001A D7:00000000 A0:FFFFC9C0 A1:FFFFC000 A2:FFFFECC8 A3:FFFFA206 A4:FFFFA400 A5:0001F26C A6:FFFFC830 A7:00FFFDEC SR:2000 USP:00000000 xnzvc
03E7A2:  3038  move.w  ($EA0C), D0 D0:000004A7 D1:00000060 D2:00AF0012 D3:FFFF0000 D4:000301F0 D5:0000FFFF D6:0000001A D7:00000000 A0:FFFFC9C0 A1:FFFFC000 A2:FFFFECC8 A3:FFFFA206 A4:FFFFA400 A5:0001F26C A6:FFFFC830 A7:00FFFDEC SR:2000 USP:00000000 xnzvc
03E7A6:  0240  andi.w  #$7, D0 D0:00000007 D1:00000060 D2:00AF0012 D3:FFFF0000 D4:000301F0 D5:0000FFFF D6:0000001A D7:00000000 A0:FFFFC9C0 A1:FFFFC000 A2:FFFFECC8 A3:FFFFA206 A4:FFFFA400 A5:0001F26C A6:FFFFC830 A7:00FFFDEC SR:2000 USP:00000000 xnzvc
03E7AA:  D440  add.w   D0, D2 D0:00000007 D1:00000060 D2:00AF0019 D3:FFFF0000 D4:000301F0 D5:0000FFFF D6:0000001A D7:00000000 A0:FFFFC9C0 A1:FFFFC000 A2:FFFFECC8 A3:FFFFA206 A4:FFFFA400 A5:0001F26C A6:FFFFC830 A7:00FFFDEC SR:2000 USP:00000000 xnzvc
03E7AC:  0242  andi.w  #$F, D2 D0:00000007 D1:00000060 D2:00AF0009 D3:FFFF0000 D4:000301F0 D5:0000FFFF D6:0000001A D7:00000000 A0:FFFFC9C0 A1:FFFFC000 A2:FFFFECC8 A3:FFFFA206 A4:FFFFA400 A5:0001F26C A6:FFFFC830 A7:00FFFDEC SR:2000 USP:00000000 xnzvc
03E7B0:  E54A  lsl.w   2, D2 D0:00000007 D1:00000060 D2:00AF0024 D3:FFFF0000 D4:000301F0 D5:0000FFFF D6:0000001A D7:00000000 A0:FFFFC9C0 A1:FFFFC000 A2:FFFFECC8 A3:FFFFA206 A4:FFFFA400 A5:0001F26C A6:FFFFC830 A7:00FFFDEC SR:2000 USP:00000000 xnzvc
03E7B2:  45FB  lea     (PC,D2.w,28), A2 D0:00000007 D1:00000060 D2:00AF0024 D3:FFFF0000 D4:000301F0 D5:0000FFFF D6:0000001A D7:00000000 A0:FFFFC9C0 A1:FFFFC000 A2:0003E7F4 A3:FFFFA206 A4:FFFFA400 A5:0001F26C A6:FFFFC830 A7:00FFFDEC SR:2000 USP:00000000 xnzvc
03E7B6:  31EA  move.w  ($0,A2), ($E636) D0:00000007 D1:00000060 D2:00AF0024 D3:FFFF0000 D4:000301F0 D5:0000FFFF D6:0000001A D7:00000000 A0:FFFFC9C0 A1:FFFFC000 A2:0003E7F4 A3:FFFFA206 A4:FFFFA400 A5:0001F26C A6:FFFFC830 A7:00FFFDEC SR:2000 USP:00000000 xnzvc
03E7BC:  31EA  move.w  ($2,A2), ($E63A) D0:00000007 D1:00000060 D2:00AF0024 D3:FFFF0000 D4:000301F0 D5:0000FFFF D6:0000001A D7:00000000 A0:FFFFC9C0 A1:FFFFC000 A2:0003E7F4 A3:FFFFA206 A4:FFFFA400 A5:0001F26C A6:FFFFC830 A7:00FFFDEC SR:2000 USP:00000000 xnzvc
03E7C2:  316A  move.w  ($0,A2), ($20,A0) D0:00000007 D1:00000060 D2:00AF0024 D3:FFFF0000 D4:000301F0 D5:0000FFFF D6:0000001A D7:00000000 A0:FFFFC9C0 A1:FFFFC000 A2:0003E7F4 A3:FFFFA206 A4:FFFFA400 A5:0001F26C A6:FFFFC830 A7:00FFFDEC SR:2000 USP:00000000 xnzvc
03E7C8:  316A  move.w  ($2,A2), ($24,A0) D0:00000007 D1:00000060 D2:00AF0024 D3:FFFF0000 D4:000301F0 D5:0000FFFF D6:0000001A D7:00000000 A0:FFFFC9C0 A1:FFFFC000 A2:0003E7F4 A3:FFFFA206 A4:FFFFA400 A5:0001F26C A6:FFFFC830 A7:00FFFDEC SR:2000 USP:00000000 xnzvc